  Source.cpp
C:\Users\Shado\source\repos\avance\avance\Source.cpp(115,16): warning C4244: 'return': conversión de 'WPARAM' a 'int'; posible pérdida de datos
C:\Users\Shado\source\repos\avance\avance\Source.cpp(133,9): warning C4101: 'usuarios_comercio': variable local sin referencia
C:\Users\Shado\source\repos\avance\avance\Source.cpp(235,46): warning C4267: '=': conversión de 'size_t' a 'int'; posible pérdida de datos
C:\Users\Shado\source\repos\avance\avance\Source.cpp(236,48): warning C4267: '=': conversión de 'size_t' a 'int'; posible pérdida de datos
C:\Users\Shado\source\repos\avance\avance\Source.cpp(237,51): warning C4267: '=': conversión de 'size_t' a 'int'; posible pérdida de datos
C:\Users\Shado\source\repos\avance\avance\Source.cpp(238,51): warning C4267: '=': conversión de 'size_t' a 'int'; posible pérdida de datos
C:\Users\Shado\source\repos\avance\avance\Source.cpp(239,50): warning C4267: '=': conversión de 'size_t' a 'int'; posible pérdida de datos
C:\Users\Shado\source\repos\avance\avance\Source.cpp(595,46): warning C4267: '=': conversión de 'size_t' a 'int'; posible pérdida de datos
C:\Users\Shado\source\repos\avance\avance\Source.cpp(596,46): warning C4267: '=': conversión de 'size_t' a 'int'; posible pérdida de datos
C:\Users\Shado\source\repos\avance\avance\Source.cpp(597,44): warning C4267: '=': conversión de 'size_t' a 'int'; posible pérdida de datos
C:\Users\Shado\source\repos\avance\avance\Source.cpp(598,42): warning C4267: '=': conversión de 'size_t' a 'int'; posible pérdida de datos
C:\Users\Shado\source\repos\avance\avance\Source.cpp(599,46): warning C4267: '=': conversión de 'size_t' a 'int'; posible pérdida de datos
C:\Users\Shado\source\repos\avance\avance\Source.cpp(600,48): warning C4267: '=': conversión de 'size_t' a 'int'; posible pérdida de datos
C:\Users\Shado\source\repos\avance\avance\Source.cpp(601,48): warning C4267: '=': conversión de 'size_t' a 'int'; posible pérdida de datos
C:\Users\Shado\source\repos\avance\avance\Source.cpp(602,51): warning C4267: '=': conversión de 'size_t' a 'int'; posible pérdida de datos
C:\Users\Shado\source\repos\avance\avance\Source.cpp(603,55): warning C4267: '=': conversión de 'size_t' a 'int'; posible pérdida de datos
C:\Users\Shado\source\repos\avance\avance\Source.cpp(580,9): warning C4101: 'perfil': variable local sin referencia
C:\Users\Shado\source\repos\avance\avance\Source.cpp(604,9): warning C4101: 'usuarios_nombre_registro': variable local sin referencia
C:\Users\Shado\source\repos\avance\avance\Source.cpp(936,51): warning C4267: '=': conversión de 'size_t' a 'int'; posible pérdida de datos
C:\Users\Shado\source\repos\avance\avance\Source.cpp(937,47): warning C4267: '=': conversión de 'size_t' a 'int'; posible pérdida de datos
C:\Users\Shado\source\repos\avance\avance\Source.cpp(938,53): warning C4267: '=': conversión de 'size_t' a 'int'; posible pérdida de datos
C:\Users\Shado\source\repos\avance\avance\Source.cpp(939,52): warning C4267: '=': conversión de 'size_t' a 'int'; posible pérdida de datos
C:\Users\Shado\source\repos\avance\avance\Source.cpp(940,48): warning C4267: '=': conversión de 'size_t' a 'int'; posible pérdida de datos
C:\Users\Shado\source\repos\avance\avance\Source.cpp(928,10): warning C4101: 'perfil': variable local sin referencia
  avance.vcxproj -> C:\Users\Shado\source\repos\avance\x64\Debug\avance.exe
